<?xml version="1.0" encoding="UTF-8"?>
<!-- Generated by org.testng.reporters.JUnitReportReporter -->
<testsuite hostname="DESKTOP-J3R40NR" failures="0" tests="1" name="com.cyient.royaltest.FindACruisesTest" time="64.872" errors="0" timestamp="2021-06-07T00:07:47 IST" skipped="0">
  <testcase classname="com.cyient.royaltest.FindACruisesTest" name="validtest" time="64.872"/>
  <system-out/>
</testsuite> <!-- com.cyient.royaltest.FindACruisesTest -->
