<?xml version="1.0" encoding="UTF-8"?>
<!-- Generated by org.testng.reporters.JUnitReportReporter -->
<testsuite hostname="DESKTOP-J3R40NR" failures="0" tests="1" name="com.cyient.royaltest.SignupTest" time="62.102" errors="0" timestamp="2021-06-07T00:00:20 IST" skipped="0">
  <testcase classname="com.cyient.royaltest.SignupTest" name="test" time="62.102"/>
  <system-out/>
</testsuite> <!-- com.cyient.royaltest.SignupTest -->
